<?xml version="1.0" encoding="UTF-8"?>
<coverage generated="1749619684">
  <project timestamp="1749619684">
    <package name="Laravel\Lumen">
      <file name="/Users/vince/WWW/kasi/framework/src/Application.php">
        <class name="Laravel\Lumen\Application" namespace="Laravel\Lumen">
          <metrics complexity="111" methods="64" coveredmethods="51" conditionals="0" coveredconditionals="0" statements="256" coveredstatements="229" elements="320" coveredelements="280"/>
        </class>
        <line num="145" type="method" name="__construct" visibility="public" complexity="1" crap="1" count="148"/>
        <line num="150" type="stmt" count="148"/>
        <line num="151" type="stmt" count="148"/>
        <line num="152" type="stmt" count="148"/>
        <line num="160" type="method" name="bootstrapContainer" visibility="protected" complexity="1" crap="1" count="397"/>
        <line num="162" type="stmt" count="397"/>
        <line num="164" type="stmt" count="397"/>
        <line num="165" type="stmt" count="397"/>
        <line num="167" type="stmt" count="397"/>
        <line num="169" type="stmt" count="397"/>
        <line num="171" type="stmt" count="397"/>
        <line num="177" type="method" name="bootstrapRouter" visibility="public" complexity="1" crap="1" count="397"/>
        <line num="179" type="stmt" count="397"/>
        <line num="185" type="method" name="version" visibility="public" complexity="1" crap="1" count="3"/>
        <line num="187" type="stmt" count="3"/>
        <line num="193" type="method" name="isDownForMaintenance" visibility="public" complexity="1" crap="1" count="1"/>
        <line num="195" type="stmt" count="1"/>
        <line num="204" type="method" name="environment" visibility="public" complexity="5" crap="5" count="397"/>
        <line num="206" type="stmt" count="397"/>
        <line num="208" type="stmt" count="397"/>
        <line num="209" type="stmt" count="4"/>
        <line num="211" type="stmt" count="4"/>
        <line num="212" type="stmt" count="4"/>
        <line num="213" type="stmt" count="4"/>
        <line num="217" type="stmt" count="1"/>
        <line num="220" type="stmt" count="397"/>
        <line num="226" type="method" name="isLocal" visibility="public" complexity="1" crap="1" count="1"/>
        <line num="228" type="stmt" count="1"/>
        <line num="234" type="method" name="isProduction" visibility="public" complexity="1" crap="1" count="1"/>
        <line num="236" type="stmt" count="1"/>
        <line num="242" type="method" name="providerIsLoaded" visibility="public" complexity="1" crap="1" count="1"/>
        <line num="244" type="stmt" count="1"/>
        <line num="252" type="method" name="register" visibility="public" complexity="5" crap="5" count="46"/>
        <line num="254" type="stmt" count="46"/>
        <line num="255" type="stmt" count="42"/>
        <line num="258" type="stmt" count="46"/>
        <line num="259" type="stmt" count="1"/>
        <line num="262" type="stmt" count="46"/>
        <line num="264" type="stmt" count="46"/>
        <line num="265" type="stmt" count="46"/>
        <line num="268" type="stmt" count="46"/>
        <line num="269" type="stmt" count="14"/>
        <line num="278" type="method" name="registerDeferredProvider" visibility="public" complexity="1" crap="2" count="0"/>
        <line num="280" type="stmt" count="0"/>
        <line num="286" type="method" name="boot" visibility="public" complexity="3" crap="3" count="397"/>
        <line num="288" type="stmt" count="397"/>
        <line num="289" type="stmt" count="4"/>
        <line num="292" type="stmt" count="397"/>
        <line num="293" type="stmt" count="7"/>
        <line num="296" type="stmt" count="397"/>
        <line num="304" type="method" name="bootProvider" visibility="protected" complexity="2" crap="2" count="20"/>
        <line num="306" type="stmt" count="20"/>
        <line num="307" type="stmt" count="6"/>
        <line num="310" type="stmt" count="17"/>
        <line num="319" type="method" name="make" visibility="public" complexity="4" crap="4" count="397"/>
        <line num="321" type="stmt" count="397"/>
        <line num="323" type="stmt" count="397"/>
        <line num="324" type="stmt" count="397"/>
        <line num="325" type="stmt" count="397"/>
        <line num="326" type="stmt" count="397"/>
        <line num="328" type="stmt" count="397"/>
        <line num="331" type="stmt" count="397"/>
        <line num="339" type="method" name="registerAuthBindings" visibility="protected" complexity="1" crap="1" count="1"/>
        <line num="341" type="stmt" count="1"/>
        <line num="343" type="stmt" count="1"/>
        <line num="345" type="stmt" count="1"/>
        <line num="347" type="stmt" count="1"/>
        <line num="355" type="method" name="registerBroadcastingBindings" visibility="protected" complexity="1" crap="2" count="0"/>
        <line num="357" type="stmt" count="0"/>
        <line num="359" type="stmt" count="0"/>
        <line num="367" type="method" name="registerBusBindings" visibility="protected" complexity="1" crap="2" count="0"/>
        <line num="369" type="stmt" count="0"/>
        <line num="370" type="stmt" count="0"/>
        <line num="372" type="stmt" count="0"/>
        <line num="373" type="stmt" count="0"/>
        <line num="381" type="method" name="registerCacheBindings" visibility="protected" complexity="1" crap="1" count="27"/>
        <line num="383" type="stmt" count="27"/>
        <line num="384" type="stmt" count="27"/>
        <line num="392" type="method" name="registerComposerBindings" visibility="protected" complexity="1" crap="1" count="3"/>
        <line num="394" type="stmt" count="3"/>
        <line num="402" type="method" name="registerConfigBindings" visibility="protected" complexity="1" crap="1" count="397"/>
        <line num="404" type="stmt" count="397"/>
        <line num="412" type="method" name="registerDatabaseBindings" visibility="protected" complexity="1" crap="1" count="4"/>
        <line num="414" type="stmt" count="4"/>
        <line num="415" type="stmt" count="4"/>
        <line num="417" type="stmt" count="4"/>
        <line num="418" type="stmt" count="4"/>
        <line num="419" type="stmt" count="4"/>
        <line num="420" type="stmt" count="4"/>
        <line num="421" type="stmt" count="4"/>
        <line num="422" type="stmt" count="4"/>
        <line num="423" type="stmt" count="4"/>
        <line num="431" type="method" name="registerEncrypterBindings" visibility="protected" complexity="1" crap="2" count="0"/>
        <line num="433" type="stmt" count="0"/>
        <line num="441" type="method" name="registerEventBindings" visibility="protected" complexity="1" crap="1" count="6"/>
        <line num="443" type="stmt" count="6"/>
        <line num="444" type="stmt" count="6"/>
        <line num="446" type="stmt" count="6"/>
        <line num="447" type="stmt" count="6"/>
        <line num="455" type="method" name="registerFilesBindings" visibility="protected" complexity="1" crap="1" count="11"/>
        <line num="457" type="stmt" count="11"/>
        <line num="465" type="method" name="registerFilesystemBindings" visibility="protected" complexity="1" crap="1" count="1"/>
        <line num="467" type="stmt" count="1"/>
        <line num="468" type="stmt" count="1"/>
        <line num="469" type="stmt" count="1"/>
        <line num="477" type="method" name="registerHashBindings" visibility="protected" complexity="1" crap="2" count="0"/>
        <line num="479" type="stmt" count="0"/>
        <line num="480" type="stmt" count="0"/>
        <line num="482" type="stmt" count="0"/>
        <line num="483" type="stmt" count="0"/>
        <line num="491" type="method" name="registerLogBindings" visibility="protected" complexity="1" crap="1" count="2"/>
        <line num="493" type="stmt" count="2"/>
        <line num="494" type="stmt" count="2"/>
        <line num="496" type="stmt" count="2"/>
        <line num="497" type="stmt" count="2"/>
        <line num="505" type="method" name="registerQueueBindings" visibility="protected" complexity="1" crap="1" count="27"/>
        <line num="507" type="stmt" count="27"/>
        <line num="508" type="stmt" count="27"/>
        <line num="516" type="method" name="registerRouterBindings" visibility="protected" complexity="1" crap="2" count="0"/>
        <line num="518" type="stmt" count="0"/>
        <line num="526" type="method" name="prepareRequest" visibility="protected" complexity="2" crap="2" count="32"/>
        <line num="528" type="stmt" count="32"/>
        <line num="529" type="stmt" count="2"/>
        <line num="532" type="stmt" count="32"/>
        <line num="534" type="stmt" count="32"/>
        <line num="542" type="method" name="registerPsrRequestBindings" visibility="protected" complexity="3" crap="3.03" count="1"/>
        <line num="544" type="stmt" count="1"/>
        <line num="545" type="stmt" count="1"/>
        <line num="546" type="stmt" count="1"/>
        <line num="548" type="stmt" count="1"/>
        <line num="549" type="stmt" count="1"/>
        <line num="552" type="stmt" count="0"/>
        <line num="553" type="stmt" count="1"/>
        <line num="561" type="method" name="registerPsrResponseBindings" visibility="protected" complexity="2" crap="2.86" count="1"/>
        <line num="563" type="stmt" count="1"/>
        <line num="564" type="stmt" count="0"/>
        <line num="565" type="stmt" count="0"/>
        <line num="568" type="stmt" count="0"/>
        <line num="569" type="stmt" count="1"/>
        <line num="577" type="method" name="registerTranslationBindings" visibility="protected" complexity="1" crap="1" count="7"/>
        <line num="579" type="stmt" count="7"/>
        <line num="580" type="stmt" count="7"/>
        <line num="582" type="stmt" count="7"/>
        <line num="584" type="stmt" count="7"/>
        <line num="586" type="stmt" count="7"/>
        <line num="587" type="stmt" count="7"/>
        <line num="593" type="method" name="getLanguagePath" visibility="protected" complexity="2" crap="2.15" count="8"/>
        <line num="595" type="stmt" count="8"/>
        <line num="596" type="stmt" count="8"/>
        <line num="599" type="stmt" count="0"/>
        <line num="607" type="method" name="registerUrlGeneratorBindings" visibility="protected" complexity="1" crap="1" count="397"/>
        <line num="609" type="stmt" count="397"/>
        <line num="617" type="method" name="registerValidatorBindings" visibility="protected" complexity="1" crap="1" count="6"/>
        <line num="619" type="stmt" count="6"/>
        <line num="620" type="stmt" count="6"/>
        <line num="622" type="stmt" count="6"/>
        <line num="623" type="stmt" count="6"/>
        <line num="631" type="method" name="registerViewBindings" visibility="protected" complexity="1" crap="2" count="0"/>
        <line num="633" type="stmt" count="0"/>
        <line num="644" type="method" name="loadComponent" visibility="public" complexity="3" crap="3" count="31"/>
        <line num="646" type="stmt" count="31"/>
        <line num="648" type="stmt" count="31"/>
        <line num="649" type="stmt" count="31"/>
        <line num="652" type="stmt" count="31"/>
        <line num="660" type="method" name="configure" visibility="public" complexity="3" crap="3" count="397"/>
        <line num="662" type="stmt" count="397"/>
        <line num="663" type="stmt" count="13"/>
        <line num="666" type="stmt" count="397"/>
        <line num="668" type="stmt" count="397"/>
        <line num="670" type="stmt" count="397"/>
        <line num="671" type="stmt" count="397"/>
        <line num="683" type="method" name="getConfigurationPath" visibility="public" complexity="6" crap="10.50" count="397"/>
        <line num="685" type="stmt" count="397"/>
        <line num="686" type="stmt" count="0"/>
        <line num="687" type="stmt" count="0"/>
        <line num="688" type="stmt" count="0"/>
        <line num="691" type="stmt" count="0"/>
        <line num="692" type="stmt" count="0"/>
        <line num="695" type="stmt" count="397"/>
        <line num="696" type="stmt" count="397"/>
        <line num="697" type="stmt" count="397"/>
        <line num="700" type="stmt" count="2"/>
        <line num="701" type="stmt" count="2"/>
        <line num="705" type="stmt" count="0"/>
        <line num="714" type="method" name="withFacades" visibility="public" complexity="2" crap="2" count="30"/>
        <line num="716" type="stmt" count="30"/>
        <line num="718" type="stmt" count="30"/>
        <line num="719" type="stmt" count="28"/>
        <line num="728" type="method" name="withAliases" visibility="public" complexity="4" crap="4" count="31"/>
        <line num="730" type="stmt" count="31"/>
        <line num="731" type="stmt" count="31"/>
        <line num="732" type="stmt" count="31"/>
        <line num="733" type="stmt" count="31"/>
        <line num="734" type="stmt" count="31"/>
        <line num="735" type="stmt" count="31"/>
        <line num="736" type="stmt" count="31"/>
        <line num="737" type="stmt" count="31"/>
        <line num="738" type="stmt" count="31"/>
        <line num="739" type="stmt" count="31"/>
        <line num="740" type="stmt" count="31"/>
        <line num="741" type="stmt" count="31"/>
        <line num="742" type="stmt" count="31"/>
        <line num="743" type="stmt" count="31"/>
        <line num="745" type="stmt" count="31"/>
        <line num="746" type="stmt" count="31"/>
        <line num="748" type="stmt" count="31"/>
        <line num="750" type="stmt" count="31"/>
        <line num="751" type="stmt" count="31"/>
        <line num="752" type="stmt" count="2"/>
        <line num="761" type="method" name="withEloquent" visibility="public" complexity="1" crap="1" count="1"/>
        <line num="763" type="stmt" count="1"/>
        <line num="769" type="method" name="path" visibility="public" complexity="1" crap="1" count="397"/>
        <line num="771" type="stmt" count="397"/>
        <line num="780" type="method" name="basePath" visibility="public" complexity="4" crap="4" count="397"/>
        <line num="782" type="stmt" count="397"/>
        <line num="783" type="stmt" count="397"/>
        <line num="786" type="stmt" count="397"/>
        <line num="788" type="stmt" count="397"/>
        <line num="796" type="method" name="configPath" visibility="public" complexity="2" crap="2" count="1"/>
        <line num="798" type="stmt" count="1"/>
        <line num="806" type="method" name="databasePath" visibility="public" complexity="2" crap="2" count="29"/>
        <line num="808" type="stmt" count="29"/>
        <line num="816" type="method" name="langPath" visibility="public" complexity="2" crap="6" count="0"/>
        <line num="818" type="stmt" count="0"/>
        <line num="827" type="method" name="storagePath" visibility="public" complexity="3" crap="3" count="34"/>
        <line num="829" type="stmt" count="34"/>
        <line num="838" type="method" name="useStoragePath" visibility="public" complexity="1" crap="1" count="1"/>
        <line num="840" type="stmt" count="1"/>
        <line num="842" type="stmt" count="1"/>
        <line num="844" type="stmt" count="1"/>
        <line num="853" type="method" name="resourcePath" visibility="public" complexity="2" crap="2" count="3"/>
        <line num="855" type="stmt" count="3"/>
        <line num="861" type="method" name="eventsAreCached" visibility="public" complexity="1" crap="1" count="1"/>
        <line num="863" type="stmt" count="1"/>
        <line num="869" type="method" name="runningInConsole" visibility="public" complexity="2" crap="2" count="397"/>
        <line num="871" type="stmt" count="397"/>
        <line num="877" type="method" name="runningUnitTests" visibility="public" complexity="1" crap="1" count="5"/>
        <line num="879" type="stmt" count="5"/>
        <line num="887" type="method" name="prepareForConsoleCommand" visibility="public" complexity="1" crap="1" count="27"/>
        <line num="889" type="stmt" count="27"/>
        <line num="891" type="stmt" count="27"/>
        <line num="892" type="stmt" count="27"/>
        <line num="894" type="stmt" count="27"/>
        <line num="896" type="stmt" count="27"/>
        <line num="897" type="stmt" count="27"/>
        <line num="907" type="method" name="getNamespace" visibility="public" complexity="5" crap="5.05" count="3"/>
        <line num="909" type="stmt" count="3"/>
        <line num="910" type="stmt" count="1"/>
        <line num="913" type="stmt" count="2"/>
        <line num="915" type="stmt" count="2"/>
        <line num="916" type="stmt" count="2"/>
        <line num="917" type="stmt" count="2"/>
        <line num="918" type="stmt" count="0"/>
        <line num="923" type="stmt" count="2"/>
        <line num="929" type="method" name="flush" visibility="public" complexity="1" crap="1" count="397"/>
        <line num="931" type="stmt" count="397"/>
        <line num="933" type="stmt" count="397"/>
        <line num="934" type="stmt" count="397"/>
        <line num="935" type="stmt" count="397"/>
        <line num="936" type="stmt" count="397"/>
        <line num="937" type="stmt" count="397"/>
        <line num="938" type="stmt" count="397"/>
        <line num="939" type="stmt" count="397"/>
        <line num="940" type="stmt" count="397"/>
        <line num="941" type="stmt" count="397"/>
        <line num="942" type="stmt" count="397"/>
        <line num="944" type="stmt" count="397"/>
        <line num="945" type="stmt" count="397"/>
        <line num="946" type="stmt" count="397"/>
        <line num="947" type="stmt" count="397"/>
        <line num="955" type="method" name="getLocale" visibility="public" complexity="1" crap="1" count="9"/>
        <line num="957" type="stmt" count="9"/>
        <line num="965" type="method" name="getFallbackLocale" visibility="public" complexity="1" crap="1" count="8"/>
        <line num="967" type="stmt" count="8"/>
        <line num="975" type="method" name="setLocale" visibility="public" complexity="1" crap="1" count="1"/>
        <line num="977" type="stmt" count="1"/>
        <line num="978" type="stmt" count="1"/>
        <line num="986" type="method" name="isLocale" visibility="public" complexity="1" crap="1" count="1"/>
        <line num="988" type="stmt" count="1"/>
        <line num="997" type="method" name="terminating" visibility="public" complexity="1" crap="1" count="4"/>
        <line num="999" type="stmt" count="4"/>
        <line num="1001" type="stmt" count="4"/>
        <line num="1007" type="method" name="terminate" visibility="public" complexity="2" crap="2" count="6"/>
        <line num="1009" type="stmt" count="6"/>
        <line num="1011" type="stmt" count="6"/>
        <line num="1012" type="stmt" count="3"/>
        <line num="1014" type="stmt" count="3"/>
        <line num="1023" type="method" name="registerContainerAliases" visibility="protected" complexity="1" crap="1" count="397"/>
        <line num="1025" type="stmt" count="397"/>
        <line num="1026" type="stmt" count="397"/>
        <line num="1027" type="stmt" count="397"/>
        <line num="1028" type="stmt" count="397"/>
        <line num="1029" type="stmt" count="397"/>
        <line num="1030" type="stmt" count="397"/>
        <line num="1031" type="stmt" count="397"/>
        <line num="1032" type="stmt" count="397"/>
        <line num="1033" type="stmt" count="397"/>
        <line num="1034" type="stmt" count="397"/>
        <line num="1035" type="stmt" count="397"/>
        <line num="1036" type="stmt" count="397"/>
        <line num="1037" type="stmt" count="397"/>
        <line num="1038" type="stmt" count="397"/>
        <line num="1039" type="stmt" count="397"/>
        <line num="1040" type="stmt" count="397"/>
        <line num="1041" type="stmt" count="397"/>
        <line num="1042" type="stmt" count="397"/>
        <line num="1043" type="stmt" count="397"/>
        <line num="1044" type="stmt" count="397"/>
        <line num="1045" type="stmt" count="397"/>
        <line num="1046" type="stmt" count="397"/>
        <line num="1047" type="stmt" count="397"/>
        <line num="1048" type="stmt" count="397"/>
        <line num="1049" type="stmt" count="397"/>
        <line num="1050" type="stmt" count="397"/>
        <line num="1051" type="stmt" count="397"/>
        <line num="1052" type="stmt" count="397"/>
        <line num="1053" type="stmt" count="397"/>
        <line num="1054" type="stmt" count="397"/>
        <line num="1055" type="stmt" count="397"/>
        <line num="1056" type="stmt" count="397"/>
        <metrics loc="1111" ncloc="751" classes="1" methods="64" coveredmethods="51" conditionals="0" coveredconditionals="0" statements="256" coveredstatements="229" elements="320" coveredelements="280"/>
      </file>
    </package>
    <package name="Laravel\Lumen\Auth">
      <file name="/Users/vince/WWW/kasi/framework/src/Auth/Authorizable.php">
        <class name="Laravel\Lumen\Auth\Authorizable" namespace="Laravel\Lumen\Auth">
          <metrics complexity="3" methods="3" coveredmethods="3" conditionals="0" coveredconditionals="0" statements="3" coveredstatements="3" elements="6" coveredelements="6"/>
        </class>
        <line num="18" type="method" name="can" visibility="public" complexity="1" crap="1" count="6"/>
        <line num="20" type="stmt" count="6"/>
        <line num="29" type="method" name="cant" visibility="public" complexity="1" crap="1" count="4"/>
        <line num="31" type="stmt" count="4"/>
        <line num="41" type="method" name="cannot" visibility="public" complexity="1" crap="1" count="2"/>
        <line num="43" type="stmt" count="2"/>
        <metrics loc="46" ncloc="26" classes="1" methods="3" coveredmethods="3" conditionals="0" coveredconditionals="0" statements="3" coveredstatements="3" elements="6" coveredelements="6"/>
      </file>
    </package>
    <package name="Laravel\Lumen\Bootstrap">
      <file name="/Users/vince/WWW/kasi/framework/src/Bootstrap/LoadEnvironmentVariables.php">
        <class name="Laravel\Lumen\Bootstrap\LoadEnvironmentVariables" namespace="Laravel\Lumen\Bootstrap">
          <metrics complexity="6" methods="4" coveredmethods="3" conditionals="0" coveredconditionals="0" statements="16" coveredstatements="12" elements="20" coveredelements="15"/>
        </class>
        <line num="21" type="method" name="__construct" visibility="public" complexity="1" crap="1" count="17"/>
        <line num="30" type="stmt" count="17"/>
        <line num="37" type="method" name="bootstrap" visibility="public" complexity="2" crap="2" count="5"/>
        <line num="40" type="stmt" count="5"/>
        <line num="41" type="stmt" count="1"/>
        <line num="42" type="stmt" count="1"/>
        <line num="43" type="stmt" count="1"/>
        <line num="44" type="stmt" count="1"/>
        <line num="45" type="stmt" count="1"/>
        <line num="54" type="method" name="createDotenv" visibility="protected" complexity="1" crap="1" count="7"/>
        <line num="56" type="stmt" count="7"/>
        <line num="57" type="stmt" count="7"/>
        <line num="58" type="stmt" count="7"/>
        <line num="59" type="stmt" count="7"/>
        <line num="60" type="stmt" count="7"/>
        <line num="69" type="method" name="writeErrorAndDie" visibility="protected" complexity="2" crap="6" count="0"/>
        <line num="71" type="stmt" count="0"/>
        <line num="73" type="stmt" count="0"/>
        <line num="74" type="stmt" count="0"/>
        <line num="77" type="stmt" count="0"/>
        <metrics loc="80" ncloc="51" classes="1" methods="4" coveredmethods="3" conditionals="0" coveredconditionals="0" statements="16" coveredstatements="12" elements="20" coveredelements="15"/>
      </file>
    </package>
    <package name="Laravel\Lumen\Bus">
      <file name="/Users/vince/WWW/kasi/framework/src/Bus/PendingDispatch.php">
        <class name="Laravel\Lumen\Bus\PendingDispatch" namespace="Laravel\Lumen\Bus">
          <metrics complexity="9" methods="5" coveredmethods="5" conditionals="0" coveredconditionals="0" statements="20" coveredstatements="20" elements="25" coveredelements="25"/>
        </class>
        <line num="20" type="method" name="__construct" visibility="public" complexity="1" crap="1" count="7"/>
        <line num="25" type="stmt" count="7"/>
        <line num="33" type="method" name="onConnection" visibility="public" complexity="1" crap="1" count="1"/>
        <line num="35" type="stmt" count="1"/>
        <line num="37" type="stmt" count="1"/>
        <line num="46" type="method" name="onQueue" visibility="public" complexity="1" crap="1" count="1"/>
        <line num="48" type="stmt" count="1"/>
        <line num="50" type="stmt" count="1"/>
        <line num="58" type="method" name="shouldDispatch" visibility="protected" complexity="4" crap="4" count="7"/>
        <line num="60" type="stmt" count="7"/>
        <line num="61" type="stmt" count="3"/>
        <line num="64" type="stmt" count="4"/>
        <line num="65" type="stmt" count="1"/>
        <line num="66" type="stmt" count="3"/>
        <line num="68" type="stmt" count="4"/>
        <line num="69" type="stmt" count="1"/>
        <line num="70" type="stmt" count="3"/>
        <line num="72" type="stmt" count="4"/>
        <line num="73" type="stmt" count="4"/>
        <line num="74" type="stmt" count="4"/>
        <line num="75" type="stmt" count="4"/>
        <line num="83" type="method" name="__destruct" visibility="public" complexity="2" crap="2" count="7"/>
        <line num="85" type="stmt" count="7"/>
        <line num="86" type="stmt" count="1"/>
        <line num="88" type="stmt" count="6"/>
        <metrics loc="91" ncloc="60" classes="1" methods="5" coveredmethods="5" conditionals="0" coveredconditionals="0" statements="20" coveredstatements="20" elements="25" coveredelements="25"/>
      </file>
    </package>
    <package name="Laravel\Lumen\Concerns">
      <file name="/Users/vince/WWW/kasi/framework/src/Concerns/RegistersExceptionHandlers.php">
        <class name="Laravel\Lumen\Concerns\RegistersExceptionHandlers" namespace="Laravel\Lumen\Concerns">
          <metrics complexity="22" methods="12" coveredmethods="7" conditionals="0" coveredconditionals="0" statements="52" coveredstatements="40" elements="64" coveredelements="47"/>
        </class>
        <line num="29" type="method" name="abort" visibility="public" complexity="2" crap="2" count="2"/>
        <line num="31" type="stmt" count="2"/>
        <line num="32" type="stmt" count="1"/>
        <line num="35" type="stmt" count="1"/>
        <line num="43" type="method" name="registerErrorHandling" visibility="protected" complexity="1" crap="1.01" count="148"/>
        <line num="45" type="stmt" count="148"/>
        <line num="47" type="stmt" count="148"/>
        <line num="48" type="stmt" count="1"/>
        <line num="49" type="stmt" count="148"/>
        <line num="51" type="stmt" count="148"/>
        <line num="52" type="stmt" count="0"/>
        <line num="53" type="stmt" count="148"/>
        <line num="55" type="stmt" count="148"/>
        <line num="56" type="stmt" count="0"/>
        <line num="57" type="stmt" count="148"/>
        <line num="72" type="method" name="handleError" visibility="public" complexity="3" crap="3" count="9"/>
        <line num="74" type="stmt" count="9"/>
        <line num="75" type="stmt" count="6"/>
        <line num="76" type="stmt" count="5"/>
        <line num="78" type="stmt" count="5"/>
        <line num="81" type="stmt" count="1"/>
        <line num="84" type="stmt" count="3"/>
        <line num="94" type="method" name="handleDeprecation" visibility="public" complexity="3" crap="3.05" count="5"/>
        <line num="97" type="stmt" count="5"/>
        <line num="98" type="stmt" count="0"/>
        <line num="99" type="stmt" count="0"/>
        <line num="102" type="stmt" count="5"/>
        <line num="103" type="stmt" count="1"/>
        <line num="106" type="stmt" count="4"/>
        <line num="108" type="stmt" count="4"/>
        <line num="109" type="stmt" count="4"/>
        <line num="110" type="stmt" count="4"/>
        <line num="111" type="stmt" count="4"/>
        <line num="112" type="stmt" count="4"/>
        <line num="120" type="method" name="ensureDeprecationLoggerIsConfigured" visibility="protected" complexity="2" crap="2.02" count="5"/>
        <line num="122" type="stmt" count="5"/>
        <line num="123" type="stmt" count="5"/>
        <line num="124" type="stmt" count="0"/>
        <line num="127" type="stmt" count="5"/>
        <line num="129" type="stmt" count="5"/>
        <line num="130" type="stmt" count="5"/>
        <line num="136" type="method" name="handleShutdown" visibility="public" complexity="3" crap="12" count="0"/>
        <line num="138" type="stmt" count="0"/>
        <line num="139" type="stmt" count="0"/>
        <line num="148" type="method" name="fatalErrorFromPhpError" visibility="protected" complexity="1" crap="1" count="1"/>
        <line num="150" type="stmt" count="1"/>
        <line num="158" type="method" name="isDeprecation" visibility="protected" complexity="1" crap="1" count="7"/>
        <line num="160" type="stmt" count="7"/>
        <line num="168" type="method" name="isFatal" visibility="protected" complexity="1" crap="1" count="1"/>
        <line num="170" type="stmt" count="1"/>
        <line num="178" type="method" name="sendExceptionToHandler" visibility="protected" complexity="1" crap="1" count="5"/>
        <line num="180" type="stmt" count="5"/>
        <line num="182" type="stmt" count="5"/>
        <line num="184" type="stmt" count="5"/>
        <line num="192" type="method" name="handleException" visibility="protected" complexity="2" crap="6" count="0"/>
        <line num="194" type="stmt" count="0"/>
        <line num="196" type="stmt" count="0"/>
        <line num="198" type="stmt" count="0"/>
        <line num="199" type="stmt" count="0"/>
        <line num="201" type="stmt" count="0"/>
        <line num="210" type="method" name="resolveExceptionHandler" visibility="protected" complexity="2" crap="2" count="7"/>
        <line num="212" type="stmt" count="7"/>
        <line num="213" type="stmt" count="4"/>
        <line num="216" type="stmt" count="3"/>
        <metrics loc="219" ncloc="149" classes="1" methods="12" coveredmethods="7" conditionals="0" coveredconditionals="0" statements="52" coveredstatements="40" elements="64" coveredelements="47"/>
      </file>
      <file name="/Users/vince/WWW/kasi/framework/src/Concerns/RoutesRequests.php">
        <class name="Laravel\Lumen\Concerns\RoutesRequests" namespace="Laravel\Lumen\Concerns">
          <metrics complexity="59" methods="20" coveredmethods="15" conditionals="0" coveredconditionals="0" statements="127" coveredstatements="119" elements="147" coveredelements="134"/>
        </class>
        <line num="67" type="method" name="middleware" visibility="public" complexity="2" crap="2" count="8"/>
        <line num="69" type="stmt" count="8"/>
        <line num="70" type="stmt" count="1"/>
        <line num="73" type="stmt" count="8"/>
        <line num="75" type="stmt" count="8"/>
        <line num="83" type="method" name="routeMiddleware" visibility="public" complexity="1" crap="1" count="7"/>
        <line num="85" type="stmt" count="7"/>
        <line num="87" type="stmt" count="7"/>
        <line num="95" type="method" name="handle" visibility="public" complexity="2" crap="2" count="29"/>
        <line num="97" type="stmt" count="29"/>
        <line num="99" type="stmt" count="29"/>
        <line num="100" type="stmt" count="5"/>
        <line num="103" type="stmt" count="29"/>
        <line num="111" type="method" name="run" visibility="public" complexity="3" crap="3.03" count="2"/>
        <line num="113" type="stmt" count="2"/>
        <line num="115" type="stmt" count="2"/>
        <line num="116" type="stmt" count="1"/>
        <line num="118" type="stmt" count="1"/>
        <line num="121" type="stmt" count="2"/>
        <line num="122" type="stmt" count="0"/>
        <line num="125" type="stmt" count="2"/>
        <line num="134" type="method" name="callTerminableMiddleware" visibility="protected" complexity="5" crap="5" count="6"/>
        <line num="136" type="stmt" count="6"/>
        <line num="137" type="stmt" count="2"/>
        <line num="140" type="stmt" count="4"/>
        <line num="142" type="stmt" count="4"/>
        <line num="143" type="stmt" count="4"/>
        <line num="144" type="stmt" count="1"/>
        <line num="147" type="stmt" count="3"/>
        <line num="149" type="stmt" count="3"/>
        <line num="150" type="stmt" count="1"/>
        <line num="161" type="method" name="dispatch" visibility="public" complexity="3" crap="3" count="30"/>
        <line num="163" type="stmt" count="30"/>
        <line num="166" type="stmt" count="30"/>
        <line num="168" type="stmt" count="30"/>
        <line num="169" type="stmt" count="28"/>
        <line num="171" type="stmt" count="28"/>
        <line num="172" type="stmt" count="14"/>
        <line num="175" type="stmt" count="14"/>
        <line num="176" type="stmt" count="14"/>
        <line num="177" type="stmt" count="14"/>
        <line num="178" type="stmt" count="30"/>
        <line num="179" type="stmt" count="5"/>
        <line num="180" type="stmt" count="5"/>
        <line num="189" type="method" name="parseIncomingRequest" visibility="protected" complexity="2" crap="2" count="30"/>
        <line num="191" type="stmt" count="30"/>
        <line num="192" type="stmt" count="1"/>
        <line num="195" type="stmt" count="30"/>
        <line num="197" type="stmt" count="30"/>
        <line num="205" type="method" name="createDispatcher" visibility="protected" complexity="3" crap="3" count="14"/>
        <line num="207" type="stmt" count="14"/>
        <line num="208" type="stmt" count="13"/>
        <line num="209" type="stmt" count="11"/>
        <line num="211" type="stmt" count="14"/>
        <line num="217" type="method" name="setDispatcher" visibility="public" complexity="1" crap="1" count="1"/>
        <line num="219" type="stmt" count="1"/>
        <line num="227" type="method" name="handleDispatcherResponse" visibility="protected" complexity="4" crap="4" count="15"/>
        <line num="229" type="stmt" count="15"/>
        <line num="230" type="stmt" count="15"/>
        <line num="231" type="stmt" count="3"/>
        <line num="232" type="stmt" count="12"/>
        <line num="233" type="stmt" count="1"/>
        <line num="234" type="stmt" count="11"/>
        <line num="235" type="stmt" count="10"/>
        <line num="238" type="stmt" count="1"/>
        <line num="246" type="method" name="handleFoundRoute" visibility="protected" complexity="2" crap="2" count="24"/>
        <line num="248" type="stmt" count="24"/>
        <line num="250" type="stmt" count="24"/>
        <line num="252" type="stmt" count="24"/>
        <line num="255" type="stmt" count="24"/>
        <line num="256" type="stmt" count="4"/>
        <line num="258" type="stmt" count="4"/>
        <line num="261" type="stmt" count="21"/>
        <line num="262" type="stmt" count="21"/>
        <line num="263" type="stmt" count="21"/>
        <line num="271" type="method" name="callActionOnArrayBasedRoute" visibility="protected" complexity="8" crap="8.15" count="24"/>
        <line num="273" type="stmt" count="24"/>
        <line num="275" type="stmt" count="24"/>
        <line num="276" type="stmt" count="5"/>
        <line num="279" type="stmt" count="19"/>
        <line num="280" type="stmt" count="19"/>
        <line num="281" type="stmt" count="18"/>
        <line num="282" type="stmt" count="18"/>
        <line num="285" type="stmt" count="2"/>
        <line num="286" type="stmt" count="0"/>
        <line num="287" type="stmt" count="0"/>
        <line num="291" type="stmt" count="19"/>
        <line num="292" type="stmt" count="1"/>
        <line num="296" type="stmt" count="18"/>
        <line num="297" type="stmt" count="2"/>
        <line num="298" type="stmt" count="1"/>
        <line num="307" type="method" name="callControllerAction" visibility="protected" complexity="5" crap="5.02" count="5"/>
        <line num="309" type="stmt" count="5"/>
        <line num="311" type="stmt" count="5"/>
        <line num="312" type="stmt" count="1"/>
        <line num="315" type="stmt" count="5"/>
        <line num="317" type="stmt" count="5"/>
        <line num="318" type="stmt" count="0"/>
        <line num="321" type="stmt" count="5"/>
        <line num="322" type="stmt" count="1"/>
        <line num="325" type="stmt" count="4"/>
        <line num="326" type="stmt" count="4"/>
        <line num="327" type="stmt" count="4"/>
        <line num="337" type="method" name="callLumenController" visibility="protected" complexity="2" crap="2.21" count="1"/>
        <line num="339" type="stmt" count="1"/>
        <line num="341" type="stmt" count="1"/>
        <line num="342" type="stmt" count="1"/>
        <line num="343" type="stmt" count="1"/>
        <line num="344" type="stmt" count="1"/>
        <line num="347" type="stmt" count="0"/>
        <line num="348" type="stmt" count="0"/>
        <line num="349" type="stmt" count="0"/>
        <line num="361" type="method" name="callLumenControllerWithMiddleware" visibility="protected" complexity="1" crap="1" count="1"/>
        <line num="363" type="stmt" count="1"/>
        <line num="365" type="stmt" count="1"/>
        <line num="373" type="method" name="callControllerCallable" visibility="protected" complexity="2" crap="2" count="5"/>
        <line num="376" type="stmt" count="5"/>
        <line num="377" type="stmt" count="5"/>
        <line num="378" type="stmt" count="5"/>
        <line num="379" type="stmt" count="1"/>
        <line num="380" type="stmt" count="1"/>
        <line num="389" type="method" name="gatherMiddlewareClassNames" visibility="protected" complexity="3" crap="3" count="5"/>
        <line num="391" type="stmt" count="5"/>
        <line num="393" type="stmt" count="5"/>
        <line num="394" type="stmt" count="5"/>
        <line num="396" type="stmt" count="5"/>
        <line num="397" type="stmt" count="5"/>
        <line num="405" type="method" name="sendThroughPipeline" visibility="protected" complexity="3" crap="3" count="31"/>
        <line num="407" type="stmt" count="31"/>
        <line num="408" type="stmt" count="8"/>
        <line num="409" type="stmt" count="8"/>
        <line num="410" type="stmt" count="8"/>
        <line num="411" type="stmt" count="8"/>
        <line num="414" type="stmt" count="28"/>
        <line num="423" type="method" name="prepareResponse" visibility="public" complexity="5" crap="5.03" count="32"/>
        <line num="425" type="stmt" count="32"/>
        <line num="427" type="stmt" count="32"/>
        <line num="428" type="stmt" count="1"/>
        <line num="431" type="stmt" count="32"/>
        <line num="432" type="stmt" count="0"/>
        <line num="433" type="stmt" count="32"/>
        <line num="434" type="stmt" count="7"/>
        <line num="435" type="stmt" count="32"/>
        <line num="436" type="stmt" count="1"/>
        <line num="439" type="stmt" count="32"/>
        <line num="445" type="method" name="shouldSkipMiddleware" visibility="protected" complexity="2" crap="2" count="11"/>
        <line num="447" type="stmt" count="11"/>
        <metrics loc="450" ncloc="323" classes="1" methods="20" coveredmethods="15" conditionals="0" coveredconditionals="0" statements="127" coveredstatements="119" elements="147" coveredelements="134"/>
      </file>
    </package>
    <package name="Laravel\Lumen\Console">
      <file name="/Users/vince/WWW/kasi/framework/src/Console/ConsoleServiceProvider.php">
        <class name="Laravel\Lumen\Console\ConsoleServiceProvider" namespace="Laravel\Lumen\Console">
          <metrics complexity="34" methods="33" coveredmethods="33" conditionals="0" coveredconditionals="0" statements="41" coveredstatements="41" elements="74" coveredelements="74"/>
        </class>
        <line num="90" type="method" name="register" visibility="public" complexity="1" crap="1" count="29"/>
        <line num="92" type="stmt" count="29"/>
        <line num="93" type="stmt" count="29"/>
        <line num="94" type="stmt" count="29"/>
        <line num="102" type="method" name="registerCommands" visibility="protected" complexity="2" crap="2" count="29"/>
        <line num="104" type="stmt" count="29"/>
        <line num="105" type="stmt" count="29"/>
        <line num="108" type="stmt" count="29"/>
        <line num="116" type="method" name="registerCacheClearCommand" visibility="protected" complexity="1" crap="1" count="29"/>
        <line num="118" type="stmt" count="29"/>
        <line num="126" type="method" name="registerCacheForgetCommand" visibility="protected" complexity="1" crap="1" count="29"/>
        <line num="128" type="stmt" count="29"/>
        <line num="136" type="method" name="registerCacheTableCommand" visibility="protected" complexity="1" crap="1" count="29"/>
        <line num="138" type="stmt" count="29"/>
        <line num="146" type="method" name="registerClearResetsCommand" visibility="protected" complexity="1" crap="1" count="29"/>
        <line num="148" type="stmt" count="29"/>
        <line num="156" type="method" name="registerMigrateCommand" visibility="protected" complexity="1" crap="1" count="29"/>
        <line num="158" type="stmt" count="29"/>
        <line num="166" type="method" name="registerMigrateInstallCommand" visibility="protected" complexity="1" crap="1" count="29"/>
        <line num="168" type="stmt" count="29"/>
        <line num="176" type="method" name="registerMigrateMakeCommand" visibility="protected" complexity="1" crap="1" count="29"/>
        <line num="178" type="stmt" count="29"/>
        <line num="182" type="stmt" count="3"/>
        <line num="184" type="stmt" count="3"/>
        <line num="186" type="stmt" count="3"/>
        <line num="187" type="stmt" count="29"/>
        <line num="195" type="method" name="registerMigrateFreshCommand" visibility="protected" complexity="1" crap="1" count="29"/>
        <line num="197" type="stmt" count="29"/>
        <line num="205" type="method" name="registerMigrateRefreshCommand" visibility="protected" complexity="1" crap="1" count="29"/>
        <line num="207" type="stmt" count="29"/>
        <line num="215" type="method" name="registerMigrateResetCommand" visibility="protected" complexity="1" crap="1" count="29"/>
        <line num="217" type="stmt" count="29"/>
        <line num="225" type="method" name="registerMigrateRollbackCommand" visibility="protected" complexity="1" crap="1" count="29"/>
        <line num="227" type="stmt" count="29"/>
        <line num="235" type="method" name="registerMigrateStatusCommand" visibility="protected" complexity="1" crap="1" count="29"/>
        <line num="237" type="stmt" count="29"/>
        <line num="245" type="method" name="registerQueueClearCommand" visibility="protected" complexity="1" crap="1" count="29"/>
        <line num="247" type="stmt" count="29"/>
        <line num="255" type="method" name="registerQueueFailedCommand" visibility="protected" complexity="1" crap="1" count="29"/>
        <line num="257" type="stmt" count="29"/>
        <line num="265" type="method" name="registerQueueForgetCommand" visibility="protected" complexity="1" crap="1" count="29"/>
        <line num="267" type="stmt" count="29"/>
        <line num="275" type="method" name="registerQueueFlushCommand" visibility="protected" complexity="1" crap="1" count="29"/>
        <line num="277" type="stmt" count="29"/>
        <line num="285" type="method" name="registerQueueListenCommand" visibility="protected" complexity="1" crap="1" count="29"/>
        <line num="287" type="stmt" count="29"/>
        <line num="295" type="method" name="registerQueueRestartCommand" visibility="protected" complexity="1" crap="1" count="29"/>
        <line num="297" type="stmt" count="29"/>
        <line num="305" type="method" name="registerQueueRetryCommand" visibility="protected" complexity="1" crap="1" count="29"/>
        <line num="307" type="stmt" count="29"/>
        <line num="315" type="method" name="registerQueueWorkCommand" visibility="protected" complexity="1" crap="1" count="29"/>
        <line num="317" type="stmt" count="29"/>
        <line num="325" type="method" name="registerQueueFailedTableCommand" visibility="protected" complexity="1" crap="1" count="29"/>
        <line num="327" type="stmt" count="29"/>
        <line num="335" type="method" name="registerQueueBatchesTableCommand" visibility="protected" complexity="1" crap="1" count="29"/>
        <line num="337" type="stmt" count="29"/>
        <line num="345" type="method" name="registerQueueTableCommand" visibility="protected" complexity="1" crap="1" count="29"/>
        <line num="347" type="stmt" count="29"/>
        <line num="355" type="method" name="registerSeederMakeCommand" visibility="protected" complexity="1" crap="1" count="29"/>
        <line num="357" type="stmt" count="29"/>
        <line num="365" type="method" name="registerSeedCommand" visibility="protected" complexity="1" crap="1" count="29"/>
        <line num="367" type="stmt" count="29"/>
        <line num="375" type="method" name="registerWipeCommand" visibility="protected" complexity="1" crap="1" count="29"/>
        <line num="377" type="stmt" count="29"/>
        <line num="385" type="method" name="registerScheduleFinishCommand" visibility="protected" complexity="1" crap="1" count="29"/>
        <line num="387" type="stmt" count="29"/>
        <line num="395" type="method" name="registerScheduleRunCommand" visibility="protected" complexity="1" crap="1" count="29"/>
        <line num="397" type="stmt" count="29"/>
        <line num="405" type="method" name="registerScheduleWorkCommand" visibility="protected" complexity="1" crap="1" count="29"/>
        <line num="407" type="stmt" count="29"/>
        <line num="415" type="method" name="registerSchemaDumpCommand" visibility="protected" complexity="1" crap="1" count="29"/>
        <line num="417" type="stmt" count="29"/>
        <line num="425" type="method" name="provides" visibility="public" complexity="1" crap="1" count="1"/>
        <line num="427" type="stmt" count="1"/>
        <metrics loc="430" ncloc="254" classes="1" methods="33" coveredmethods="33" conditionals="0" coveredconditionals="0" statements="41" coveredstatements="41" elements="74" coveredelements="74"/>
      </file>
      <file name="/Users/vince/WWW/kasi/framework/src/Console/Kernel.php">
        <class name="Laravel\Lumen\Console\Kernel" namespace="Laravel\Lumen\Console">
          <metrics complexity="24" methods="17" coveredmethods="17" conditionals="0" coveredconditionals="0" statements="64" coveredstatements="64" elements="81" coveredelements="81"/>
        </class>
        <line num="63" type="method" name="__construct" visibility="public" complexity="2" crap="2" count="25"/>
        <line num="68" type="stmt" count="25"/>
        <line num="69" type="stmt" count="23"/>
        <line num="71" type="stmt" count="2"/>
        <line num="74" type="stmt" count="25"/>
        <line num="75" type="stmt" count="25"/>
        <line num="84" type="method" name="setRequestForConsole" visibility="protected" complexity="2" crap="2" count="23"/>
        <line num="86" type="stmt" count="23"/>
        <line num="88" type="stmt" count="23"/>
        <line num="90" type="stmt" count="23"/>
        <line num="92" type="stmt" count="23"/>
        <line num="93" type="stmt" count="1"/>
        <line num="94" type="stmt" count="1"/>
        <line num="95" type="stmt" count="1"/>
        <line num="96" type="stmt" count="1"/>
        <line num="99" type="stmt" count="23"/>
        <line num="100" type="stmt" count="23"/>
        <line num="101" type="stmt" count="23"/>
        <line num="111" type="method" name="rerouteSymfonyCommandEvents" visibility="public" complexity="2" crap="2" count="4"/>
        <line num="113" type="stmt" count="4"/>
        <line num="114" type="stmt" count="4"/>
        <line num="116" type="stmt" count="4"/>
        <line num="117" type="stmt" count="1"/>
        <line num="118" type="stmt" count="1"/>
        <line num="119" type="stmt" count="1"/>
        <line num="120" type="stmt" count="4"/>
        <line num="122" type="stmt" count="4"/>
        <line num="123" type="stmt" count="1"/>
        <line num="124" type="stmt" count="1"/>
        <line num="125" type="stmt" count="1"/>
        <line num="126" type="stmt" count="4"/>
        <line num="129" type="stmt" count="4"/>
        <line num="137" type="method" name="defineConsoleSchedule" visibility="protected" complexity="1" crap="1" count="25"/>
        <line num="139" type="stmt" count="25"/>
        <line num="140" type="stmt" count="25"/>
        <line num="141" type="stmt" count="25"/>
        <line num="143" type="stmt" count="25"/>
        <line num="153" type="method" name="handle" visibility="public" complexity="2" crap="2" count="3"/>
        <line num="156" type="stmt" count="3"/>
        <line num="158" type="stmt" count="3"/>
        <line num="159" type="stmt" count="1"/>
        <line num="160" type="stmt" count="1"/>
        <line num="162" type="stmt" count="1"/>
        <line num="164" type="stmt" count="1"/>
        <line num="167" type="stmt" count="3"/>
        <line num="169" type="stmt" count="3"/>
        <line num="175" type="method" name="bootstrap" visibility="public" complexity="1" crap="1" count="1"/>
        <line num="178" type="stmt" count="1"/>
        <line num="186" type="method" name="terminate" visibility="public" complexity="1" crap="1" count="4"/>
        <line num="188" type="stmt" count="4"/>
        <line num="196" type="method" name="schedule" visibility="protected" complexity="1" crap="1" count="24"/>
        <line num="199" type="stmt" count="24"/>
        <line num="207" type="method" name="call" visibility="public" complexity="1" crap="1" count="1"/>
        <line num="209" type="stmt" count="1"/>
        <line num="218" type="method" name="queue" visibility="public" complexity="1" crap="1" count="1"/>
        <line num="220" type="stmt" count="1"/>
        <line num="228" type="method" name="all" visibility="public" complexity="1" crap="1" count="1"/>
        <line num="230" type="stmt" count="1"/>
        <line num="238" type="method" name="output" visibility="public" complexity="1" crap="1" count="1"/>
        <line num="240" type="stmt" count="1"/>
        <line num="248" type="method" name="getArtisan" visibility="protected" complexity="3" crap="3" count="8"/>
        <line num="250" type="stmt" count="8"/>
        <line num="251" type="stmt" count="3"/>
        <line num="252" type="stmt" count="3"/>
        <line num="253" type="stmt" count="3"/>
        <line num="255" type="stmt" count="3"/>
        <line num="256" type="stmt" count="1"/>
        <line num="257" type="stmt" count="1"/>
        <line num="261" type="stmt" count="8"/>
        <line num="267" type="method" name="getCommands" visibility="protected" complexity="1" crap="1" count="4"/>
        <line num="269" type="stmt" count="4"/>
        <line num="270" type="stmt" count="4"/>
        <line num="271" type="stmt" count="4"/>
        <line num="279" type="method" name="reportException" visibility="protected" complexity="1" crap="1" count="2"/>
        <line num="281" type="stmt" count="2"/>
        <line num="290" type="method" name="renderException" visibility="protected" complexity="1" crap="1" count="2"/>
        <line num="292" type="stmt" count="2"/>
        <line num="300" type="method" name="resolveExceptionHandler" visibility="protected" complexity="2" crap="2" count="5"/>
        <line num="302" type="stmt" count="5"/>
        <line num="303" type="stmt" count="4"/>
        <line num="306" type="stmt" count="1"/>
        <metrics loc="309" ncloc="194" classes="1" methods="17" coveredmethods="17" conditionals="0" coveredconditionals="0" statements="64" coveredstatements="64" elements="81" coveredelements="81"/>
      </file>
    </package>
    <package name="Laravel\Lumen\Exceptions">
      <file name="/Users/vince/WWW/kasi/framework/src/Exceptions/Handler.php">
        <class name="Laravel\Lumen\Exceptions\Handler" namespace="Laravel\Lumen\Exceptions">
          <metrics complexity="32" methods="10" coveredmethods="9" conditionals="0" coveredconditionals="0" statements="63" coveredstatements="61" elements="73" coveredelements="70"/>
        </class>
        <line num="45" type="method" name="report" visibility="public" complexity="5" crap="5.39" count="4"/>
        <line num="47" type="stmt" count="4"/>
        <line num="48" type="stmt" count="1"/>
        <line num="51" type="stmt" count="3"/>
        <line num="52" type="stmt" count="1"/>
        <line num="56" type="stmt" count="2"/>
        <line num="57" type="stmt" count="0"/>
        <line num="58" type="stmt" count="0"/>
        <line num="61" type="stmt" count="2"/>
        <line num="69" type="method" name="shouldReport" visibility="public" complexity="1" crap="1" count="1"/>
        <line num="71" type="stmt" count="1"/>
        <line num="77" type="method" name="shouldntReport" visibility="protected" complexity="3" crap="3" count="8"/>
        <line num="79" type="stmt" count="8"/>
        <line num="80" type="stmt" count="2"/>
        <line num="81" type="stmt" count="2"/>
        <line num="85" type="stmt" count="7"/>
        <line num="96" type="method" name="render" visibility="public" complexity="9" crap="9" count="13"/>
        <line num="98" type="stmt" count="13"/>
        <line num="99" type="stmt" count="1"/>
        <line num="101" type="stmt" count="12"/>
        <line num="102" type="stmt" count="1"/>
        <line num="104" type="stmt" count="11"/>
        <line num="105" type="stmt" count="1"/>
        <line num="108" type="stmt" count="10"/>
        <line num="109" type="stmt" count="1"/>
        <line num="110" type="stmt" count="9"/>
        <line num="111" type="stmt" count="1"/>
        <line num="112" type="stmt" count="8"/>
        <line num="113" type="stmt" count="1"/>
        <line num="116" type="stmt" count="9"/>
        <line num="117" type="stmt" count="1"/>
        <line num="118" type="stmt" count="9"/>
        <line num="126" type="method" name="prepareJsonResponse" visibility="protected" complexity="3" crap="3" count="2"/>
        <line num="128" type="stmt" count="2"/>
        <line num="129" type="stmt" count="2"/>
        <line num="130" type="stmt" count="2"/>
        <line num="131" type="stmt" count="2"/>
        <line num="132" type="stmt" count="2"/>
        <line num="133" type="stmt" count="2"/>
        <line num="139" type="method" name="convertExceptionToArray" visibility="protected" complexity="3" crap="3" count="2"/>
        <line num="141" type="stmt" count="2"/>
        <line num="142" type="stmt" count="2"/>
        <line num="143" type="stmt" count="2"/>
        <line num="144" type="stmt" count="2"/>
        <line num="145" type="stmt" count="2"/>
        <line num="146" type="stmt" count="2"/>
        <line num="147" type="stmt" count="2"/>
        <line num="148" type="stmt" count="2"/>
        <line num="149" type="stmt" count="2"/>
        <line num="157" type="method" name="prepareResponse" visibility="protected" complexity="3" crap="3" count="8"/>
        <line num="159" type="stmt" count="8"/>
        <line num="160" type="stmt" count="8"/>
        <line num="161" type="stmt" count="8"/>
        <line num="162" type="stmt" count="8"/>
        <line num="163" type="stmt" count="8"/>
        <line num="165" type="stmt" count="8"/>
        <line num="167" type="stmt" count="8"/>
        <line num="175" type="method" name="renderExceptionWithSymfony" visibility="protected" complexity="1" crap="1" count="9"/>
        <line num="177" type="stmt" count="9"/>
        <line num="179" type="stmt" count="9"/>
        <line num="187" type="method" name="renderForConsole" visibility="public" complexity="3" crap="3" count="4"/>
        <line num="189" type="stmt" count="4"/>
        <line num="190" type="stmt" count="2"/>
        <line num="192" type="stmt" count="2"/>
        <line num="193" type="stmt" count="1"/>
        <line num="195" type="stmt" count="1"/>
        <line num="196" type="stmt" count="1"/>
        <line num="198" type="stmt" count="1"/>
        <line num="200" type="stmt" count="1"/>
        <line num="203" type="stmt" count="2"/>
        <line num="206" type="stmt" count="2"/>
        <line num="214" type="method" name="isHttpException" visibility="protected" complexity="1" crap="1" count="11"/>
        <line num="216" type="stmt" count="11"/>
        <metrics loc="219" ncloc="163" classes="1" methods="10" coveredmethods="9" conditionals="0" coveredconditionals="0" statements="63" coveredstatements="61" elements="73" coveredelements="70"/>
      </file>
    </package>
    <package name="Laravel\Lumen\Http">
      <file name="/Users/vince/WWW/kasi/framework/src/Http/Redirector.php">
        <class name="Laravel\Lumen\Http\Redirector" namespace="Laravel\Lumen\Http">
          <metrics complexity="4" methods="4" coveredmethods="4" conditionals="0" coveredconditionals="0" statements="8" coveredstatements="8" elements="12" coveredelements="12"/>
        </class>
        <line num="17" type="method" name="__construct" visibility="public" complexity="1" crap="1" count="2"/>
        <line num="22" type="stmt" count="2"/>
        <line num="33" type="method" name="to" visibility="public" complexity="1" crap="1" count="2"/>
        <line num="35" type="stmt" count="2"/>
        <line num="37" type="stmt" count="2"/>
        <line num="49" type="method" name="route" visibility="public" complexity="1" crap="1" count="1"/>
        <line num="51" type="stmt" count="1"/>
        <line num="53" type="stmt" count="1"/>
        <line num="63" type="method" name="createRedirect" visibility="protected" complexity="1" crap="1" count="2"/>
        <line num="65" type="stmt" count="2"/>
        <line num="67" type="stmt" count="2"/>
        <line num="69" type="stmt" count="2"/>
        <metrics loc="72" ncloc="39" classes="1" methods="4" coveredmethods="4" conditionals="0" coveredconditionals="0" statements="8" coveredstatements="8" elements="12" coveredelements="12"/>
      </file>
      <file name="/Users/vince/WWW/kasi/framework/src/Http/Request.php">
        <class name="Laravel\Lumen\Http\Request" namespace="Laravel\Lumen\Http">
          <metrics complexity="10" methods="4" coveredmethods="4" conditionals="0" coveredconditionals="0" statements="19" coveredstatements="19" elements="23" coveredelements="23"/>
        </class>
        <line num="20" type="method" name="routeIs" visibility="public" complexity="4" crap="4" count="2"/>
        <line num="22" type="stmt" count="2"/>
        <line num="23" type="stmt" count="1"/>
        <line num="26" type="stmt" count="1"/>
        <line num="27" type="stmt" count="1"/>
        <line num="28" type="stmt" count="1"/>
        <line num="32" type="stmt" count="1"/>
        <line num="42" type="method" name="route" visibility="public" complexity="3" crap="3" count="10"/>
        <line num="44" type="stmt" count="10"/>
        <line num="46" type="stmt" count="10"/>
        <line num="47" type="stmt" count="8"/>
        <line num="50" type="stmt" count="3"/>
        <line num="60" type="method" name="fingerprint" visibility="public" complexity="2" crap="2" count="2"/>
        <line num="62" type="stmt" count="2"/>
        <line num="63" type="stmt" count="1"/>
        <line num="66" type="stmt" count="1"/>
        <line num="67" type="stmt" count="1"/>
        <line num="68" type="stmt" count="1"/>
        <line num="76" type="method" name="offsetExists" visibility="public" complexity="1" crap="1" count="1"/>
        <line num="78" type="stmt" count="1"/>
        <line num="79" type="stmt" count="1"/>
        <line num="80" type="stmt" count="1"/>
        <line num="81" type="stmt" count="1"/>
        <metrics loc="84" ncloc="59" classes="1" methods="4" coveredmethods="4" conditionals="0" coveredconditionals="0" statements="19" coveredstatements="19" elements="23" coveredelements="23"/>
      </file>
      <file name="/Users/vince/WWW/kasi/framework/src/Http/ResponseFactory.php">
        <class name="Laravel\Lumen\Http\ResponseFactory" namespace="Laravel\Lumen\Http">
          <metrics complexity="10" methods="8" coveredmethods="8" conditionals="0" coveredconditionals="0" statements="18" coveredstatements="18" elements="26" coveredelements="26"/>
        </class>
        <line num="26" type="method" name="make" visibility="public" complexity="1" crap="1" count="20"/>
        <line num="28" type="stmt" count="20"/>
        <line num="38" type="method" name="json" visibility="public" complexity="1" crap="1" count="6"/>
        <line num="40" type="stmt" count="6"/>
        <line num="52" type="method" name="jsonp" visibility="public" complexity="1" crap="1" count="1"/>
        <line num="54" type="stmt" count="1"/>
        <line num="63" type="method" name="stream" visibility="public" complexity="1" crap="1" count="2"/>
        <line num="65" type="stmt" count="2"/>
        <line num="75" type="method" name="streamDownload" visibility="public" complexity="2" crap="2" count="1"/>
        <line num="77" type="stmt" count="1"/>
        <line num="79" type="stmt" count="1"/>
        <line num="80" type="stmt" count="1"/>
        <line num="81" type="stmt" count="1"/>
        <line num="82" type="stmt" count="1"/>
        <line num="83" type="stmt" count="1"/>
        <line num="84" type="stmt" count="1"/>
        <line num="87" type="stmt" count="1"/>
        <line num="98" type="method" name="download" visibility="public" complexity="2" crap="2" count="2"/>
        <line num="100" type="stmt" count="2"/>
        <line num="102" type="stmt" count="2"/>
        <line num="103" type="stmt" count="1"/>
        <line num="106" type="stmt" count="1"/>
        <line num="114" type="method" name="fallbackName" visibility="protected" complexity="1" crap="1" count="2"/>
        <line num="116" type="stmt" count="2"/>
        <line num="124" type="method" name="file" visibility="public" complexity="1" crap="1" count="1"/>
        <line num="126" type="stmt" count="1"/>
        <metrics loc="129" ncloc="76" classes="1" methods="8" coveredmethods="8" conditionals="0" coveredconditionals="0" statements="18" coveredstatements="18" elements="26" coveredelements="26"/>
      </file>
    </package>
    <package name="Laravel\Lumen\Providers">
      <file name="/Users/vince/WWW/kasi/framework/src/Providers/EventServiceProvider.php">
        <class name="Laravel\Lumen\Providers\EventServiceProvider" namespace="Laravel\Lumen\Providers">
          <metrics complexity="6" methods="3" coveredmethods="3" conditionals="0" coveredconditionals="0" statements="8" coveredstatements="8" elements="11" coveredelements="11"/>
        </class>
        <line num="28" type="method" name="register" visibility="public" complexity="1" crap="1" count="1"/>
        <line num="31" type="stmt" count="1"/>
        <line num="36" type="method" name="boot" visibility="public" complexity="4" crap="4" count="4"/>
        <line num="38" type="stmt" count="4"/>
        <line num="40" type="stmt" count="4"/>
        <line num="41" type="stmt" count="2"/>
        <line num="42" type="stmt" count="2"/>
        <line num="46" type="stmt" count="4"/>
        <line num="47" type="stmt" count="2"/>
        <line num="56" type="method" name="listens" visibility="public" complexity="1" crap="1" count="2"/>
        <line num="58" type="stmt" count="2"/>
        <metrics loc="61" ncloc="39" classes="1" methods="3" coveredmethods="3" conditionals="0" coveredconditionals="0" statements="8" coveredstatements="8" elements="11" coveredelements="11"/>
      </file>
    </package>
    <package name="Laravel\Lumen\Routing">
      <file name="/Users/vince/WWW/kasi/framework/src/Routing/Closure.php">
        <class name="Laravel\Lumen\Routing\Closure" namespace="Laravel\Lumen\Routing">
          <metrics complexity="0" methods="0" coveredmethods="0" conditionals="0" coveredconditionals="0" statements="0" coveredstatements="0" elements="0" coveredelements="0"/>
        </class>
        <metrics loc="11" ncloc="11" classes="0" methods="0" coveredmethods="0" conditionals="0" coveredconditionals="0" statements="0" coveredstatements="0" elements="0" coveredelements="0"/>
      </file>
      <file name="/Users/vince/WWW/kasi/framework/src/Routing/Controller.php">
        <class name="Laravel\Lumen\Routing\Controller" namespace="Laravel\Lumen\Routing">
          <metrics complexity="7" methods="2" coveredmethods="2" conditionals="0" coveredconditionals="0" statements="9" coveredstatements="9" elements="11" coveredelements="11"/>
        </class>
        <line num="23" type="method" name="middleware" visibility="public" complexity="1" crap="1" count="5"/>
        <line num="25" type="stmt" count="5"/>
        <line num="33" type="method" name="getMiddlewareForMethod" visibility="public" complexity="6" crap="6" count="5"/>
        <line num="35" type="stmt" count="5"/>
        <line num="37" type="stmt" count="5"/>
        <line num="38" type="stmt" count="4"/>
        <line num="39" type="stmt" count="2"/>
        <line num="42" type="stmt" count="4"/>
        <line num="43" type="stmt" count="1"/>
        <line num="46" type="stmt" count="4"/>
        <line num="49" type="stmt" count="5"/>
        <metrics loc="52" ncloc="37" classes="1" methods="2" coveredmethods="2" conditionals="0" coveredconditionals="0" statements="9" coveredstatements="9" elements="11" coveredelements="11"/>
      </file>
      <file name="/Users/vince/WWW/kasi/framework/src/Routing/Pipeline.php">
        <class name="Laravel\Lumen\Routing\Pipeline" namespace="Laravel\Lumen\Routing">
          <metrics complexity="7" methods="3" coveredmethods="3" conditionals="0" coveredconditionals="0" statements="16" coveredstatements="16" elements="19" coveredelements="19"/>
        </class>
        <line num="25" type="method" name="carry" visibility="protected" complexity="2" crap="2" count="16"/>
        <line num="27" type="stmt" count="16"/>
        <line num="29" type="stmt" count="14"/>
        <line num="31" type="stmt" count="14"/>
        <line num="32" type="stmt" count="2"/>
        <line num="33" type="stmt" count="2"/>
        <line num="35" type="stmt" count="16"/>
        <line num="43" type="method" name="prepareDestination" visibility="protected" complexity="2" crap="2" count="16"/>
        <line num="45" type="stmt" count="16"/>
        <line num="47" type="stmt" count="6"/>
        <line num="48" type="stmt" count="2"/>
        <line num="49" type="stmt" count="2"/>
        <line num="51" type="stmt" count="16"/>
        <line num="60" type="method" name="handleException" visibility="protected" complexity="3" crap="3" count="6"/>
        <line num="62" type="stmt" count="6"/>
        <line num="63" type="stmt" count="3"/>
        <line num="66" type="stmt" count="3"/>
        <line num="68" type="stmt" count="3"/>
        <line num="70" type="stmt" count="3"/>
        <metrics loc="73" ncloc="52" classes="1" methods="3" coveredmethods="3" conditionals="0" coveredconditionals="0" statements="16" coveredstatements="16" elements="19" coveredelements="19"/>
      </file>
      <file name="/Users/vince/WWW/kasi/framework/src/Routing/ProvidesConvenienceMethods.php">
        <class name="Laravel\Lumen\Routing\ProvidesConvenienceMethods" namespace="Laravel\Lumen\Routing">
          <metrics complexity="18" methods="13" coveredmethods="13" conditionals="0" coveredconditionals="0" statements="26" coveredstatements="26" elements="39" coveredelements="39"/>
        </class>
        <line num="39" type="method" name="buildResponseUsing" visibility="public" complexity="1" crap="1" count="3"/>
        <line num="41" type="stmt" count="3"/>
        <line num="47" type="method" name="formatErrorsUsing" visibility="public" complexity="1" crap="1" count="2"/>
        <line num="49" type="stmt" count="2"/>
        <line num="59" type="method" name="validate" visibility="public" complexity="2" crap="2" count="2"/>
        <line num="61" type="stmt" count="2"/>
        <line num="63" type="stmt" count="2"/>
        <line num="64" type="stmt" count="1"/>
        <line num="67" type="stmt" count="1"/>
        <line num="75" type="method" name="extractInputFromRules" visibility="protected" complexity="2" crap="2" count="2"/>
        <line num="77" type="stmt" count="2"/>
        <line num="87" type="method" name="throwValidationException" visibility="protected" complexity="1" crap="1" count="2"/>
        <line num="89" type="stmt" count="2"/>
        <line num="90" type="stmt" count="2"/>
        <line num="91" type="stmt" count="2"/>
        <line num="99" type="method" name="buildFailedValidationResponse" visibility="protected" complexity="2" crap="2" count="5"/>
        <line num="101" type="stmt" count="5"/>
        <line num="102" type="stmt" count="2"/>
        <line num="105" type="stmt" count="3"/>
        <line num="113" type="method" name="formatValidationErrors" visibility="protected" complexity="2" crap="2" count="4"/>
        <line num="115" type="stmt" count="4"/>
        <line num="116" type="stmt" count="1"/>
        <line num="119" type="stmt" count="3"/>
        <line num="131" type="method" name="authorize" visibility="public" complexity="1" crap="1" count="2"/>
        <line num="133" type="stmt" count="2"/>
        <line num="135" type="stmt" count="2"/>
        <line num="148" type="method" name="authorizeForUser" visibility="public" complexity="1" crap="1" count="1"/>
        <line num="150" type="stmt" count="1"/>
        <line num="152" type="stmt" count="1"/>
        <line num="161" type="method" name="parseAbilityAndArguments" visibility="protected" complexity="2" crap="2" count="5"/>
        <line num="163" type="stmt" count="5"/>
        <line num="164" type="stmt" count="3"/>
        <line num="167" type="stmt" count="2"/>
        <line num="176" type="method" name="dispatch" visibility="public" complexity="1" crap="1" count="1"/>
        <line num="178" type="stmt" count="1"/>
        <line num="188" type="method" name="dispatchNow" visibility="public" complexity="1" crap="1" count="2"/>
        <line num="190" type="stmt" count="2"/>
        <line num="198" type="method" name="getValidationFactory" visibility="protected" complexity="1" crap="1" count="1"/>
        <line num="200" type="stmt" count="1"/>
        <metrics loc="203" ncloc="115" classes="1" methods="13" coveredmethods="13" conditionals="0" coveredconditionals="0" statements="26" coveredstatements="26" elements="39" coveredelements="39"/>
      </file>
      <file name="/Users/vince/WWW/kasi/framework/src/Routing/Router.php">
        <class name="Laravel\Lumen\Routing\Router" namespace="Laravel\Lumen\Routing">
          <metrics complexity="55" methods="23" coveredmethods="23" conditionals="0" coveredconditionals="0" statements="88" coveredstatements="88" elements="111" coveredelements="111"/>
        </class>
        <line num="39" type="method" name="__construct" visibility="public" complexity="1" crap="1" count="397"/>
        <line num="44" type="stmt" count="397"/>
        <line num="49" type="method" name="group" visibility="public" complexity="3" crap="3" count="9"/>
        <line num="51" type="stmt" count="9"/>
        <line num="52" type="stmt" count="2"/>
        <line num="55" type="stmt" count="9"/>
        <line num="57" type="stmt" count="9"/>
        <line num="59" type="stmt" count="9"/>
        <line num="67" type="method" name="updateGroupStack" visibility="protected" complexity="2" crap="2" count="9"/>
        <line num="69" type="stmt" count="9"/>
        <line num="70" type="stmt" count="5"/>
        <line num="73" type="stmt" count="9"/>
        <line num="82" type="method" name="mergeGroup" visibility="public" complexity="6" crap="6" count="10"/>
        <line num="84" type="stmt" count="10"/>
        <line num="86" type="stmt" count="10"/>
        <line num="88" type="stmt" count="10"/>
        <line num="89" type="stmt" count="1"/>
        <line num="92" type="stmt" count="10"/>
        <line num="93" type="stmt" count="2"/>
        <line num="96" type="stmt" count="10"/>
        <line num="97" type="stmt" count="2"/>
        <line num="100" type="stmt" count="10"/>
        <line num="109" type="method" name="mergeWithLastGroup" visibility="protected" complexity="1" crap="1" count="8"/>
        <line num="111" type="stmt" count="8"/>
        <line num="121" type="method" name="formatUsesPrefix" visibility="protected" complexity="4" crap="4" count="10"/>
        <line num="123" type="stmt" count="10"/>
        <line num="124" type="stmt" count="2"/>
        <line num="125" type="stmt" count="2"/>
        <line num="126" type="stmt" count="2"/>
        <line num="129" type="stmt" count="10"/>
        <line num="139" type="method" name="formatGroupPrefix" visibility="protected" complexity="2" crap="2" count="10"/>
        <line num="141" type="stmt" count="10"/>
        <line num="143" type="stmt" count="10"/>
        <line num="144" type="stmt" count="3"/>
        <line num="147" type="stmt" count="8"/>
        <line num="157" type="method" name="addRoute" visibility="public" complexity="9" crap="9" count="42"/>
        <line num="159" type="stmt" count="42"/>
        <line num="161" type="stmt" count="42"/>
        <line num="163" type="stmt" count="42"/>
        <line num="164" type="stmt" count="8"/>
        <line num="167" type="stmt" count="42"/>
        <line num="168" type="stmt" count="8"/>
        <line num="169" type="stmt" count="1"/>
        <line num="172" type="stmt" count="8"/>
        <line num="173" type="stmt" count="2"/>
        <line num="176" type="stmt" count="8"/>
        <line num="179" type="stmt" count="42"/>
        <line num="181" type="stmt" count="42"/>
        <line num="182" type="stmt" count="7"/>
        <line num="185" type="stmt" count="42"/>
        <line num="186" type="stmt" count="1"/>
        <line num="187" type="stmt" count="1"/>
        <line num="190" type="stmt" count="41"/>
        <line num="199" type="method" name="parseAction" visibility="protected" complexity="5" crap="5" count="42"/>
        <line num="201" type="stmt" count="42"/>
        <line num="202" type="stmt" count="16"/>
        <line num="204" type="stmt" count="26"/>
        <line num="205" type="stmt" count="19"/>
        <line num="208" type="stmt" count="9"/>
        <line num="209" type="stmt" count="3"/>
        <line num="212" type="stmt" count="9"/>
        <line num="218" type="method" name="hasGroupStack" visibility="public" complexity="1" crap="1" count="43"/>
        <line num="220" type="stmt" count="43"/>
        <line num="228" type="method" name="mergeGroupAttributes" visibility="protected" complexity="1" crap="1" count="8"/>
        <line num="230" type="stmt" count="8"/>
        <line num="231" type="stmt" count="8"/>
        <line num="232" type="stmt" count="8"/>
        <line num="234" type="stmt" count="8"/>
        <line num="235" type="stmt" count="8"/>
        <line num="236" type="stmt" count="8"/>
        <line num="237" type="stmt" count="8"/>
        <line num="238" type="stmt" count="8"/>
        <line num="239" type="stmt" count="8"/>
        <line num="247" type="method" name="mergeNamespaceGroup" visibility="protected" complexity="2" crap="2" count="8"/>
        <line num="249" type="stmt" count="8"/>
        <line num="250" type="stmt" count="2"/>
        <line num="253" type="stmt" count="8"/>
        <line num="261" type="method" name="prependGroupNamespace" visibility="protected" complexity="3" crap="3" count="2"/>
        <line num="263" type="stmt" count="2"/>
        <line num="264" type="stmt" count="2"/>
        <line num="272" type="method" name="mergeMiddlewareGroup" visibility="protected" complexity="3" crap="3" count="8"/>
        <line num="274" type="stmt" count="8"/>
        <line num="275" type="stmt" count="2"/>
        <line num="278" type="stmt" count="8"/>
        <line num="286" type="method" name="mergeAsGroup" visibility="protected" complexity="4" crap="4" count="8"/>
        <line num="288" type="stmt" count="8"/>
        <line num="289" type="stmt" count="1"/>
        <line num="292" type="stmt" count="8"/>
        <line num="302" type="method" name="head" visibility="public" complexity="1" crap="1" count="1"/>
        <line num="304" type="stmt" count="1"/>
        <line num="306" type="stmt" count="1"/>
        <line num="316" type="method" name="get" visibility="public" complexity="1" crap="1" count="35"/>
        <line num="318" type="stmt" count="35"/>
        <line num="320" type="stmt" count="35"/>
        <line num="330" type="method" name="post" visibility="public" complexity="1" crap="1" count="1"/>
        <line num="332" type="stmt" count="1"/>
        <line num="334" type="stmt" count="1"/>
        <line num="344" type="method" name="put" visibility="public" complexity="1" crap="1" count="1"/>
        <line num="346" type="stmt" count="1"/>
        <line num="348" type="stmt" count="1"/>
        <line num="358" type="method" name="patch" visibility="public" complexity="1" crap="1" count="1"/>
        <line num="360" type="stmt" count="1"/>
        <line num="362" type="stmt" count="1"/>
        <line num="372" type="method" name="delete" visibility="public" complexity="1" crap="1" count="1"/>
        <line num="374" type="stmt" count="1"/>
        <line num="376" type="stmt" count="1"/>
        <line num="386" type="method" name="options" visibility="public" complexity="1" crap="1" count="1"/>
        <line num="388" type="stmt" count="1"/>
        <line num="390" type="stmt" count="1"/>
        <line num="398" type="method" name="getRoutes" visibility="public" complexity="1" crap="1" count="37"/>
        <line num="400" type="stmt" count="37"/>
        <metrics loc="403" ncloc="252" classes="1" methods="23" coveredmethods="23" conditionals="0" coveredconditionals="0" statements="88" coveredstatements="88" elements="111" coveredelements="111"/>
      </file>
      <file name="/Users/vince/WWW/kasi/framework/src/Routing/UrlGenerator.php">
        <class name="Laravel\Lumen\Routing\UrlGenerator" namespace="Laravel\Lumen\Routing">
          <metrics complexity="40" methods="19" coveredmethods="19" conditionals="0" coveredconditionals="0" statements="67" coveredstatements="67" elements="86" coveredelements="86"/>
        </class>
        <line num="48" type="method" name="__construct" visibility="public" complexity="1" crap="1" count="397"/>
        <line num="53" type="stmt" count="397"/>
        <line num="60" type="method" name="full" visibility="public" complexity="1" crap="1" count="1"/>
        <line num="62" type="stmt" count="1"/>
        <line num="70" type="method" name="current" visibility="public" complexity="1" crap="1" count="1"/>
        <line num="72" type="stmt" count="1"/>
        <line num="83" type="method" name="to" visibility="public" complexity="2" crap="2" count="14"/>
        <line num="88" type="stmt" count="14"/>
        <line num="89" type="stmt" count="2"/>
        <line num="92" type="stmt" count="13"/>
        <line num="94" type="stmt" count="13"/>
        <line num="96" type="stmt" count="13"/>
        <line num="97" type="stmt" count="13"/>
[...]
        <line num="324" type="stmt" count="18"/>
        <line num="325" type="stmt" count="16"/>
        <line num="326" type="stmt" count="16"/>
        <line num="329" type="stmt" count="16"/>
        <line num="332" type="stmt" count="18"/>
        <line num="334" type="stmt" count="18"/>
        <line num="342" type="method" name="forceRootUrl" visibility="public" complexity="1" crap="1" count="397"/>
        <line num="344" type="stmt" count="397"/>
        <line num="346" type="stmt" count="397"/>
        <line num="352" type="method" name="trimUrl" visibility="protected" complexity="1" crap="1" count="13"/>
        <line num="354" type="stmt" count="13"/>
        <metrics loc="357" ncloc="207" classes="1" methods="19" coveredmethods="19" conditionals="0" coveredconditionals="0" statements="67" coveredstatements="67" elements="86" coveredelements="86"/>
      </file>
    </package>
    <package name="Laravel\Lumen\Testing\Concerns">
      <file name="/Users/vince/WWW/kasi/framework/src/Testing/Concerns/MakesHttpRequests.php">
        <class name="Laravel\Lumen\Testing\Concerns\MakesHttpRequests" namespace="Laravel\Lumen\Testing\Concerns">
          <metrics complexity="37" methods="26" coveredmethods="25" conditionals="0" coveredconditionals="0" statements="99" coveredstatements="98" elements="125" coveredelements="123"/>
        </class>
        <line num="38" type="method" name="json" visibility="public" complexity="1" crap="1" count="1"/>
        <line num="40" type="stmt" count="1"/>
        <line num="42" type="stmt" count="1"/>
        <line num="43" type="stmt" count="1"/>
        <line num="44" type="stmt" count="1"/>
        <line num="45" type="stmt" count="1"/>
        <line num="46" type="stmt" count="1"/>
        <line num="48" type="stmt" count="1"/>
        <line num="49" type="stmt" count="1"/>
        <line num="50" type="stmt" count="1"/>
        <line num="52" type="stmt" count="1"/>
        <line num="61" type="method" name="get" visibility="public" complexity="1" crap="1" count="1"/>
        <line num="63" type="stmt" count="1"/>
        <line num="65" type="stmt" count="1"/>
        <line num="67" type="stmt" count="1"/>
        <line num="76" type="method" name="post" visibility="public" complexity="1" crap="1" count="1"/>
        <line num="78" type="stmt" count="1"/>
        <line num="80" type="stmt" count="1"/>
        <line num="82" type="stmt" count="1"/>
        <line num="91" type="method" name="put" visibility="public" complexity="1" crap="1" count="1"/>
        <line num="93" type="stmt" count="1"/>
        <line num="95" type="stmt" count="1"/>
        <line num="97" type="stmt" count="1"/>
        <line num="106" type="method" name="patch" visibility="public" complexity="1" crap="1" count="1"/>
        <line num="108" type="stmt" count="1"/>
        <line num="110" type="stmt" count="1"/>
        <line num="112" type="stmt" count="1"/>
        <line num="121" type="method" name="delete" visibility="public" complexity="1" crap="1" count="1"/>
        <line num="123" type="stmt" count="1"/>
        <line num="125" type="stmt" count="1"/>
        <line num="127" type="stmt" count="1"/>
        <line num="136" type="method" name="options" visibility="public" complexity="1" crap="1" count="1"/>
        <line num="138" type="stmt" count="1"/>
        <line num="140" type="stmt" count="1"/>
        <line num="142" type="stmt" count="1"/>
        <line num="151" type="method" name="head" visibility="public" complexity="1" crap="1" count="1"/>
        <line num="153" type="stmt" count="1"/>
        <line num="155" type="stmt" count="1"/>
        <line num="157" type="stmt" count="1"/>
        <line num="167" type="method" name="handle" visibility="public" complexity="1" crap="1" count="1"/>
        <line num="169" type="stmt" count="1"/>
        <line num="171" type="stmt" count="1"/>
        <line num="172" type="stmt" count="1"/>
        <line num="173" type="stmt" count="1"/>
        <line num="175" type="stmt" count="1"/>
        <line num="183" type="method" name="shouldReturnJson" visibility="protected" complexity="1" crap="1" count="2"/>
        <line num="185" type="stmt" count="2"/>
        <line num="194" type="method" name="receiveJson" visibility="protected" complexity="1" crap="1" count="4"/>
        <line num="196" type="stmt" count="4"/>
        <line num="204" type="method" name="seeJsonEquals" visibility="public" complexity="1" crap="1" count="1"/>
        <line num="206" type="stmt" count="1"/>
        <line num="207" type="stmt" count="1"/>
        <line num="208" type="stmt" count="1"/>
        <line num="210" type="stmt" count="1"/>
        <line num="211" type="stmt" count="1"/>
        <line num="212" type="stmt" count="1"/>
        <line num="214" type="stmt" count="1"/>
        <line num="216" type="stmt" count="1"/>
        <line num="225" type="method" name="seeJson" visibility="public" complexity="4" crap="4" count="7"/>
        <line num="227" type="stmt" count="7"/>
        <line num="228" type="stmt" count="4"/>
        <line num="230" type="stmt" count="4"/>
        <line num="231" type="stmt" count="1"/>
        <line num="232" type="stmt" count="1"/>
        <line num="233" type="stmt" count="1"/>
        <line num="236" type="stmt" count="3"/>
        <line num="239" type="stmt" count="3"/>
        <line num="247" type="method" name="dontSeeJson" visibility="public" complexity="1" crap="1" count="1"/>
        <line num="249" type="stmt" count="1"/>
        <line num="258" type="method" name="seeJsonStructure" visibility="public" complexity="1" crap="1" count="1"/>
        <line num="260" type="stmt" count="1"/>
        <line num="262" type="stmt" count="1"/>
        <line num="271" type="method" name="seeJsonContains" visibility="protected" complexity="2" crap="2" count="9"/>
        <line num="273" type="stmt" count="9"/>
        <line num="274" type="stmt" count="2"/>
        <line num="276" type="stmt" count="7"/>
        <line num="279" type="stmt" count="9"/>
        <line num="287" type="method" name="seeJsonDoesntContains" visibility="protected" complexity="1" crap="1" count="2"/>
        <line num="289" type="stmt" count="2"/>
        <line num="291" type="stmt" count="2"/>
        <line num="301" type="method" name="formatToExpectedJson" visibility="protected" complexity="3" crap="3.04" count="2"/>
        <line num="303" type="stmt" count="2"/>
        <line num="305" type="stmt" count="2"/>
        <line num="306" type="stmt" count="2"/>
        <line num="309" type="stmt" count="2"/>
        <line num="310" type="stmt" count="2"/>
        <line num="313" type="stmt" count="0"/>
        <line num="328" type="method" name="call" visibility="public" complexity="1" crap="1" count="9"/>
        <line num="330" type="stmt" count="9"/>
        <line num="332" type="stmt" count="9"/>
        <line num="333" type="stmt" count="9"/>
        <line num="334" type="stmt" count="9"/>
        <line num="335" type="stmt" count="9"/>
        <line num="337" type="stmt" count="9"/>
        <line num="339" type="stmt" count="9"/>
        <line num="340" type="stmt" count="9"/>
        <line num="341" type="stmt" count="9"/>
        <line num="349" type="method" name="prepareUrlForRequest" visibility="protected" complexity="3" crap="3" count="10"/>
        <line num="351" type="stmt" count="10"/>
        <line num="352" type="stmt" count="10"/>
        <line num="355" type="stmt" count="10"/>
        <line num="356" type="stmt" count="10"/>
        <line num="359" type="stmt" count="10"/>
        <line num="365" type="method" name="transformHeadersToServerVars" visibility="protected" complexity="4" crap="4" count="9"/>
        <line num="367" type="stmt" count="9"/>
        <line num="368" type="stmt" count="9"/>
        <line num="370" type="stmt" count="9"/>
        <line num="371" type="stmt" count="9"/>
        <line num="373" type="stmt" count="9"/>
        <line num="374" type="stmt" count="6"/>
        <line num="377" type="stmt" count="9"/>
        <line num="380" type="stmt" count="9"/>
        <line num="386" type="method" name="assertResponseOk" visibility="public" complexity="1" crap="1" count="1"/>
        <line num="388" type="stmt" count="1"/>
        <line num="396" type="method" name="assertResponseStatus" visibility="public" complexity="1" crap="1" count="2"/>
        <line num="398" type="stmt" count="2"/>
        <line num="407" type="method" name="seeStatusCode" visibility="protected" complexity="1" crap="1" count="1"/>
        <line num="409" type="stmt" count="1"/>
        <line num="411" type="stmt" count="1"/>
        <line num="421" type="method" name="seeHeader" visibility="protected" complexity="1" crap="1" count="1"/>
        <line num="423" type="stmt" count="1"/>
        <line num="425" type="stmt" count="1"/>
        <line num="433" type="method" name="withoutMiddleware" visibility="public" complexity="1" crap="1" count="1"/>
        <line num="435" type="stmt" count="1"/>
        <line num="437" type="stmt" count="1"/>
        <metrics loc="440" ncloc="277" classes="1" methods="26" coveredmethods="25" conditionals="0" coveredconditionals="0" statements="99" coveredstatements="98" elements="125" coveredelements="123"/>
      </file>
    </package>
    <package name="Laravel\Lumen\Testing">
      <file name="/Users/vince/WWW/kasi/framework/src/Testing/DatabaseMigrations.php">
        <class name="Laravel\Lumen\Testing\DatabaseMigrations" namespace="Laravel\Lumen\Testing">
          <metrics complexity="1" methods="1" coveredmethods="1" conditionals="0" coveredconditionals="0" statements="4" coveredstatements="4" elements="5" coveredelements="5"/>
        </class>
        <line num="12" type="method" name="runDatabaseMigrations" visibility="public" complexity="1" crap="1" count="1"/>
        <line num="14" type="stmt" count="1"/>
        <line num="16" type="stmt" count="1"/>
        <line num="17" type="stmt" count="1"/>
        <line num="18" type="stmt" count="1"/>
        <metrics loc="21" ncloc="18" classes="1" methods="1" coveredmethods="1" conditionals="0" coveredconditionals="0" statements="4" coveredstatements="4" elements="5" coveredelements="5"/>
      </file>
      <file name="/Users/vince/WWW/kasi/framework/src/Testing/DatabaseTransactions.php">
        <class name="Laravel\Lumen\Testing\DatabaseTransactions" namespace="Laravel\Lumen\Testing">
          <metrics complexity="5" methods="2" coveredmethods="2" conditionals="0" coveredconditionals="0" statements="11" coveredstatements="11" elements="13" coveredelements="13"/>
        </class>
        <line num="12" type="method" name="beginDatabaseTransaction" visibility="public" complexity="3" crap="3" count="3"/>
        <line num="14" type="stmt" count="3"/>
        <line num="16" type="stmt" count="3"/>
        <line num="17" type="stmt" count="3"/>
        <line num="20" type="stmt" count="3"/>
        <line num="21" type="stmt" count="1"/>
        <line num="22" type="stmt" count="1"/>
        <line num="24" type="stmt" count="1"/>
        <line num="25" type="stmt" count="1"/>
        <line num="27" type="stmt" count="3"/>
        <line num="35" type="method" name="connectionsToTransact" visibility="protected" complexity="2" crap="2" count="3"/>
        <line num="37" type="stmt" count="3"/>
        <line num="38" type="stmt" count="3"/>
        <metrics loc="41" ncloc="33" classes="1" methods="2" coveredmethods="2" conditionals="0" coveredconditionals="0" statements="11" coveredstatements="11" elements="13" coveredelements="13"/>
      </file>
      <file name="/Users/vince/WWW/kasi/framework/src/Testing/TestCase.php">
        <class name="Laravel\Lumen\Testing\TestCase" namespace="Laravel\Lumen\Testing">
          <metrics complexity="34" methods="15" coveredmethods="15" conditionals="0" coveredconditionals="0" statements="83" coveredstatements="83" elements="98" coveredelements="98"/>
        </class>
        <line num="71" type="method" name="refreshApplication" visibility="protected" complexity="1" crap="1" count="397"/>
        <line num="73" type="stmt" count="397"/>
        <line num="75" type="stmt" count="397"/>
        <line num="77" type="stmt" count="397"/>
        <line num="79" type="stmt" count="397"/>
        <line num="81" type="stmt" count="397"/>
        <line num="87" type="method" name="setUp" visibility="protected" complexity="2" crap="2" count="397"/>
        <line num="89" type="stmt" count="397"/>
        <line num="90" type="stmt" count="397"/>
        <line num="93" type="stmt" count="397"/>
        <line num="101" type="method" name="setUpTraits" visibility="protected" complexity="5" crap="5" count="397"/>
        <line num="103" type="stmt" count="397"/>
        <line num="105" type="stmt" count="397"/>
        <line num="106" type="stmt" count="1"/>
        <line num="109" type="stmt" count="397"/>
        <line num="110" type="stmt" count="1"/>
        <line num="113" type="stmt" count="397"/>
        <line num="114" type="stmt" count="1"/>
        <line num="117" type="stmt" count="397"/>
        <line num="118" type="stmt" count="1"/>
        <line num="125" type="method" name="tearDown" visibility="protected" complexity="5" crap="5" count="397"/>
        <line num="127" type="stmt" count="397"/>
        <line num="128" type="stmt" count="397"/>
        <line num="129" type="stmt" count="397"/>
        <line num="132" type="stmt" count="397"/>
        <line num="135" type="stmt" count="397"/>
        <line num="136" type="stmt" count="397"/>
        <line num="137" type="stmt" count="5"/>
        <line num="140" type="stmt" count="397"/>
        <line num="141" type="stmt" count="397"/>
        <line num="144" type="stmt" count="397"/>
        <line num="145" type="stmt" count="397"/>
        <line num="146" type="stmt" count="397"/>
        <line num="156" type="method" name="seeInDatabase" visibility="protected" complexity="1" crap="1" count="2"/>
        <line num="158" type="stmt" count="2"/>
        <line num="160" type="stmt" count="2"/>
        <line num="161" type="stmt" count="2"/>
        <line num="162" type="stmt" count="2"/>
        <line num="164" type="stmt" count="2"/>
        <line num="174" type="method" name="missingFromDatabase" visibility="protected" complexity="1" crap="1" count="1"/>
        <line num="176" type="stmt" count="1"/>
        <line num="186" type="method" name="notSeeInDatabase" visibility="protected" complexity="1" crap="1" count="2"/>
        <line num="188" type="stmt" count="2"/>
        <line num="190" type="stmt" count="2"/>
        <line num="191" type="stmt" count="2"/>
        <line num="192" type="stmt" count="2"/>
        <line num="194" type="stmt" count="2"/>
        <line num="205" type="method" name="expectsEvents" visibility="public" complexity="9" crap="9" count="6"/>
        <line num="207" type="stmt" count="6"/>
        <line num="209" type="stmt" count="6"/>
        <line num="211" type="stmt" count="6"/>
        <line num="212" type="stmt" count="2"/>
        <line num="213" type="stmt" count="2"/>
        <line num="214" type="stmt" count="2"/>
        <line num="215" type="stmt" count="2"/>
        <line num="216" type="stmt" count="2"/>
        <line num="219" type="stmt" count="6"/>
        <line num="221" type="stmt" count="6"/>
        <line num="222" type="stmt" count="2"/>
        <line num="223" type="stmt" count="1"/>
        <line num="224" type="stmt" count="1"/>
        <line num="225" type="stmt" count="1"/>
        <line num="227" type="stmt" count="6"/>
        <line num="229" type="stmt" count="6"/>
        <line num="231" type="stmt" count="6"/>
        <line num="239" type="method" name="withoutEvents" visibility="protected" complexity="1" crap="1" count="1"/>
        <line num="241" type="stmt" count="1"/>
        <line num="243" type="stmt" count="1"/>
        <line num="245" type="stmt" count="1"/>
        <line num="247" type="stmt" count="1"/>
        <line num="258" type="method" name="expectsJobs" visibility="protected" complexity="3" crap="3" count="2"/>
        <line num="260" type="stmt" count="2"/>
        <line num="262" type="stmt" count="2"/>
        <line num="264" type="stmt" count="2"/>
        <line num="265" type="stmt" count="2"/>
        <line num="266" type="stmt" count="2"/>
        <line num="269" type="stmt" count="2"/>
        <line num="270" type="stmt" count="2"/>
        <line num="271" type="stmt" count="2"/>
        <line num="273" type="stmt" count="2"/>
        <line num="281" type="method" name="withoutJobs" visibility="protected" complexity="1" crap="1" count="4"/>
        <line num="283" type="stmt" count="4"/>
        <line num="285" type="stmt" count="4"/>
        <line num="286" type="stmt" count="1"/>
        <line num="287" type="stmt" count="4"/>
        <line num="289" type="stmt" count="4"/>
        <line num="290" type="stmt" count="4"/>
        <line num="291" type="stmt" count="4"/>
        <line num="293" type="stmt" count="4"/>
        <line num="302" type="method" name="actingAs" visibility="public" complexity="1" crap="1" count="3"/>
        <line num="304" type="stmt" count="3"/>
        <line num="306" type="stmt" count="3"/>
        <line num="314" type="method" name="be" visibility="public" complexity="1" crap="1" count="4"/>
        <line num="316" type="stmt" count="4"/>
        <line num="326" type="method" name="artisan" visibility="public" complexity="1" crap="1" count="1"/>
        <line num="328" type="stmt" count="1"/>
        <line num="336" type="method" name="beforeApplicationDestroyed" visibility="protected" complexity="1" crap="1" count="9"/>
        <line num="338" type="stmt" count="9"/>
        <metrics loc="341" ncloc="224" classes="1" methods="15" coveredmethods="15" conditionals="0" coveredconditionals="0" statements="83" coveredstatements="83" elements="98" coveredelements="98"/>
      </file>
      <file name="/Users/vince/WWW/kasi/framework/src/Testing/WithoutEvents.php">
        <class name="Laravel\Lumen\Testing\WithoutEvents" namespace="Laravel\Lumen\Testing">
          <metrics complexity="2" methods="1" coveredmethods="1" conditionals="0" coveredconditionals="0" statements="3" coveredstatements="3" elements="4" coveredelements="4"/>
        </class>
        <line num="16" type="method" name="disableEventsForAllTests" visibility="public" complexity="2" crap="2" count="2"/>
        <line num="18" type="stmt" count="2"/>
        <line num="19" type="stmt" count="1"/>
        <line num="21" type="stmt" count="1"/>
        <metrics loc="25" ncloc="20" classes="1" methods="1" coveredmethods="1" conditionals="0" coveredconditionals="0" statements="3" coveredstatements="3" elements="4" coveredelements="4"/>
      </file>
      <file name="/Users/vince/WWW/kasi/framework/src/Testing/WithoutMiddleware.php">
        <class name="Laravel\Lumen\Testing\WithoutMiddleware" namespace="Laravel\Lumen\Testing">
          <metrics complexity="2" methods="1" coveredmethods="1" conditionals="0" coveredconditionals="0" statements="3" coveredstatements="3" elements="4" coveredelements="4"/>
        </class>
        <line num="16" type="method" name="disableMiddlewareForAllTests" visibility="public" complexity="2" crap="2" count="2"/>
        <line num="18" type="stmt" count="2"/>
        <line num="19" type="stmt" count="1"/>
        <line num="21" type="stmt" count="1"/>
        <metrics loc="25" ncloc="20" classes="1" methods="1" coveredmethods="1" conditionals="0" coveredconditionals="0" statements="3" coveredstatements="3" elements="4" coveredelements="4"/>
      </file>
    </package>
    <metrics files="25" loc="5293" ncloc="3450" classes="24" methods="293" coveredmethods="267" conditionals="0" coveredconditionals="0" statements="1104" coveredstatements="1050" elements="1397" coveredelements="1317"/>
  </project>
</coverage>
